mar - Marvel Universe
8ed - Eighth Edition
neo - Kamigawa: Neon Dynasty
6ed - Classic Sixth Edition
tmp - Tempest
wth - Weatherlight
usg - Urza's Saga
5ed - Fifth Edition
vis - Visions
mir - Mirage
all - Alliances
hml - Homelands
ice - Ice Age
4bb - Fourth Edition Foreign Black Border
4ed - Fourth Edition
fem - Fallen Empires
drk - The Dark
sum - Summer Magic / Edgar
leg - Legends
3ed - Revised Edition
fbb - Foreign Black Border
atq - Antiquities
arn - Arabian Nights
2ed - Unlimited Edition
leb - Limited Edition Beta
lea - Limited Edition Alpha
fic - Final Fantasy Commander
fin - Final Fantasy
fdc - Foundations Commander
h2r - Modern Horizons 2 Timeshifts
clu - Ravnica: Clue Edition
scd - Starter Commander Decks
dbl - Innistrad: Double Feature
j21 - Jumpstart: Historic Horizons
h1r - Modern Horizons 1 Timeshifts
jmp - Jumpstart
cm2 - Commander Anthology Volume II
bbd - Battlebond
cma - Commander Anthology
cn2 - Conspiracy: Take the Crown
cns - Conspiracy
fic - Final Fantasy Commander
fin - Final Fantasy
fdc - Foundations Commander
h2r - Modern Horizons 2 Timeshifts
clu - Ravnica: Clue Edition
scd - Starter Commander Decks
fic - Final Fantasy Commander
fin - Final Fantasy
fdc - Foundations Commander
h2r - Modern Horizons 2 Timeshifts
clu - Ravnica: Clue Edition
scd - Starter Commander Decks
dbl - Innistrad: Double Feature
j21 - Jumpstart: Historic Horizons
h1r - Modern Horizons 1 Timeshifts
jmp - Jumpstart
cm2 - Commander Anthology Volume II
bbd - Battlebond
cma - Commander Anthology
cn2 - Conspiracy: Take the Crown
cns - Conspiracy
4bb - Fourth Edition Foreign Black Border
fem - Fallen Empires
drk - The Dark
sum - Summer Magic / Edgar
leg - Legends
atq - Antiquities
arn - Arabian Nights
2ed - Unlimited Edition
leb - Limited Edition Beta
lea - Limited Edition Alpha
